\BOOKMARK [0][-]{chapter.1}{\376\377\000R\213\355\212\000\177\026\172\013\116\016\176\330\126\376\127\372\170\100}{}% 1
\BOOKMARK [1][-]{section.1.1}{\376\377\177\026\172\013\127\372\170\100}{chapter.1}% 2
\BOOKMARK [2][-]{subsection.1.1.1}{\376\377\145\160\143\156\174\173\127\213}{section.1.1}% 3
\BOOKMARK [2][-]{subsection.1.1.2}{\376\377\145\160\143\156\176\323\147\204}{section.1.1}% 4
\BOOKMARK [3][-]{subsubsection.1.1.2.1}{\376\377\124\021\221\317}{subsection.1.1.2}% 5
\BOOKMARK [3][-]{subsubsection.1.1.2.2}{\376\377\126\340\133\120}{subsection.1.1.2}% 6
\BOOKMARK [3][-]{subsubsection.1.1.2.3}{\376\377\145\160\143\156\150\106}{subsection.1.1.2}% 7
\BOOKMARK [2][-]{subsection.1.1.3}{\376\377\145\160\143\156\145\207\116\366\166\204\133\374\121\145\124\214\133\374\121\372}{section.1.1}% 8
\BOOKMARK [1][-]{section.1.2}{\376\377\000R\213\355\212\000\176\330\126\376\127\372\170\100}{chapter.1}% 9
\BOOKMARK [2][-]{subsection.1.2.1}{\376\377\000l\000a\000t\000t\000i\000c\000e}{section.1.2}% 10
\BOOKMARK [2][-]{subsection.1.2.2}{\376\377\000b\000a\000s\000e}{section.1.2}% 11
\BOOKMARK [2][-]{subsection.1.2.3}{\376\377\000g\000g\000p\000l\000o\000t\0002}{section.1.2}% 12
\BOOKMARK [1][-]{section.1.3}{\376\377\000g\000g\000p\000l\000o\000t\0002\126\376\137\142\213\355\154\325}{chapter.1}% 13
\BOOKMARK [2][-]{subsection.1.3.1}{\376\377\211\306\211\311\220\032\220\123\146\040\134\004}{section.1.3}% 14
\BOOKMARK [3][-]{subsubsection.1.3.1.1}{\376\377\153\324\217\203\221\315\211\201\166\204\211\306\211\311\220\032\220\123\146\040\134\004}{subsection.1.3.1}% 15
\BOOKMARK [2][-]{subsection.1.3.2}{\376\377\136\246\221\317\143\247\122\066}{section.1.3}% 16
\BOOKMARK [2][-]{subsection.1.3.3}{\376\377\116\015\124\014\211\306\211\311\146\227\171\072\166\204\176\304\124\010\176\323\147\234}{section.1.3}% 17
\BOOKMARK [2][-]{subsection.1.3.4}{\376\377\127\120\150\007\174\373}{section.1.3}% 18
\BOOKMARK [3][-]{subsubsection.1.3.4.1}{\376\377\116\011\176\364\166\364\211\322\127\120\150\007\174\373\166\204\142\225\137\161\145\271\154\325}{subsection.1.3.4}% 19
\BOOKMARK [3][-]{subsubsection.1.3.4.2}{\376\377\127\120\150\007\174\373\166\204\217\154\143\142}{subsection.1.3.4}% 20
\BOOKMARK [3][-]{subsubsection.1.3.4.3}{\376\377\166\364\211\322\127\120\150\007\174\373\136\246\221\317\166\204\214\003\145\164}{subsection.1.3.4}% 21
\BOOKMARK [2][-]{subsection.1.3.5}{\376\377\126\376\117\213}{section.1.3}% 22
\BOOKMARK [2][-]{subsection.1.3.6}{\376\377\116\073\230\230\174\373\176\337}{section.1.3}% 23
\BOOKMARK [3][-]{subsubsection.1.3.6.1}{\376\377\000g\000g\000T\000h\000e\000m\000e\000A\000s\000s\000i\000s\000t\123\005}{subsection.1.3.6}% 24
\BOOKMARK [3][-]{subsubsection.1.3.6.2}{\376\377\131\127\165\050\116\073\230\230\152\041\147\177}{subsection.1.3.6}% 25
\BOOKMARK [2][-]{subsection.1.3.7}{\376\377\117\115\177\156\214\003\145\164}{section.1.3}% 26
\BOOKMARK [2][-]{subsection.1.3.8}{\376\377\116\244\116\222\144\315\117\134\133\236\163\260\173\200\123\125\166\204\000g\000g\000p\000l\000o\000t}{section.1.3}% 27
\BOOKMARK [2][-]{subsection.1.3.9}{\376\377\232\330\142\113\137\305\131\007}{section.1.3}% 28
\BOOKMARK [1][-]{section.1.4}{\376\377\217\336\176\355\127\213\230\234\202\162\116\073\230\230\145\271\150\110}{chapter.1}% 29
\BOOKMARK [1][-]{section.1.5}{\376\377\166\370\121\163\174\373\145\160\126\376}{chapter.1}% 30
\BOOKMARK [1][-]{section.1.6}{\376\377\145\366\225\364\136\217\122\027\147\361\137\142\126\376}{chapter.1}% 31
\BOOKMARK [0][-]{chapter.2}{\376\377\000R\213\355\212\000\145\160\143\156\131\004\164\006\127\372\170\100}{}% 32
\BOOKMARK [1][-]{section.2.1}{\376\377\210\150\150\074\166\204\217\154\143\142}{chapter.2}% 33
\BOOKMARK [2][-]{subsection.2.1.1}{\376\377\210\150\150\074\166\204\123\330\143\142}{section.2.1}% 34
\BOOKMARK [2][-]{subsection.2.1.2}{\376\377\123\330\221\317\166\204\123\330\143\142}{section.2.1}% 35
